C51 COMPILER V9.59.0.0   DS18B20                                                           06/14/2022 20:15:20 PAGE 1   


C51 COMPILER V9.59.0.0, COMPILATION OF MODULE DS18B20
OBJECT MODULE PLACED IN .\Objects\DS18B20.obj
COMPILER INVOKED BY: D:\Keil\C51\BIN\C51.EXE DS18B20.c LARGE OPTIMIZE(8,SPEED) BROWSE DEBUG OBJECTEXTEND PRINT(.\Listing
                    -s\DS18B20.lst) TABS(2) OBJECT(.\Objects\DS18B20.obj)

line level    source

   1          #include <REGX52.H>
   2          #include "OneWire.h"
   3          #include "LCD1602.h"
   4          #include "DS18B20.h"
   5          //DS18B20指令
   6          #define DS18B20_SKIP_ROM      0xCC
   7          #define DS18B20_CONVERT_T     0x44
   8          #define DS18B20_READ_SCRATCHPAD   0xBE
   9          float T;
  10          /**
  11            * @brief  DS18B20开始温度变换
  12            * @param  无
  13            * @retval 无
  14            */
  15          void DS18B20_ConvertT(void)
  16          {
  17   1        OneWire_Init();
  18   1        OneWire_SendByte(DS18B20_SKIP_ROM);
  19   1        OneWire_SendByte(DS18B20_CONVERT_T);
  20   1      }
  21          
  22          /**
  23            * @brief  DS18B20读取温度
  24            * @param  无
  25            * @retval 温度数值
  26            */
  27          float DS18B20_ReadT(void)
  28          {
  29   1        unsigned char TLSB,TMSB;
  30   1        int Temp;
  31   1        OneWire_Init();
  32   1        OneWire_SendByte(DS18B20_SKIP_ROM);
  33   1        OneWire_SendByte(DS18B20_READ_SCRATCHPAD);
  34   1        TLSB=OneWire_ReceiveByte();
  35   1        TMSB=OneWire_ReceiveByte();
  36   1        Temp=(TMSB<<8)|TLSB;
  37   1        T=Temp/16.0;
  38   1        return T;
  39   1      }
  40          
  41          void LCD1602_Show_T(void)
  42          {
  43   1        LCD_ShowString(1,1,"T:");
  44   1        if(T<0)       //如果温度小于0
  45   1        {
  46   2          LCD_ShowChar(1,3,'-');  //显示负号
  47   2          T=-T;     //将温度变为正数
  48   2        }
  49   1        else        //如果温度大于等于0
  50   1        {
  51   2          LCD_ShowChar(1,3,'+');  //显示正号
  52   2        }
  53   1        LCD_ShowNum(1,4,T,3);   //显示温度整数部分
  54   1        LCD_ShowChar(1,7,'.');    //显示小数点
C51 COMPILER V9.59.0.0   DS18B20                                                           06/14/2022 20:15:20 PAGE 2   

  55   1        LCD_ShowNum(1,8,(unsigned long)(T*10000)%10000,4);//显示温度小数部分
  56   1        LCD_ShowString(1,12,"^C");
  57   1      }
  58          


MODULE INFORMATION:   STATIC OVERLAYABLE
   CODE SIZE        =    270    ----
   CONSTANT SIZE    =      6    ----
   XDATA SIZE       =      4       1
   PDATA SIZE       =   ----    ----
   DATA SIZE        =   ----    ----
   IDATA SIZE       =   ----    ----
   BIT SIZE         =   ----    ----
END OF MODULE INFORMATION.


C51 COMPILATION COMPLETE.  0 WARNING(S),  0 ERROR(S)
