C51 COMPILER V9.59.0.0   INT                                                               06/14/2022 20:15:20 PAGE 1   


C51 COMPILER V9.59.0.0, COMPILATION OF MODULE INT
OBJECT MODULE PLACED IN .\Objects\int.obj
COMPILER INVOKED BY: D:\Keil\C51\BIN\C51.EXE int.c LARGE OPTIMIZE(8,SPEED) BROWSE DEBUG OBJECTEXTEND PRINT(.\Listings\in
                    -t.lst) TABS(2) OBJECT(.\Objects\int.obj)

line level    source

   1          #include "int.h"
   2          #include "REGX52.h"
   3          #include "Delay.h"
   4          #include "LCD1602.h"
   5          #include "MatrixKey.h"
   6          #include "LCD1602.h"
   7          #include "DS1302.h"
   8          void Int1Init()
   9          {
  10   1        //设置INT1
  11   1        IT1=1;//跳变沿出发方式（下降沿）
  12   1        EX1=1;//打开INT1的中断允许。  
  13   1        EA=1;//打开总中断 
  14   1      }
  15          
  16          
  17          void Int1() interrupt 2   //外部中断1的中断函数
  18          {
  19   1          Delay(20);
  20   1          if(P3^3==0)
  21   1          { 
  22   2      
  23   2            
  24   2          }
  25   1      }


MODULE INFORMATION:   STATIC OVERLAYABLE
   CODE SIZE        =     70    ----
   CONSTANT SIZE    =   ----    ----
   XDATA SIZE       =   ----    ----
   PDATA SIZE       =   ----    ----
   DATA SIZE        =   ----    ----
   IDATA SIZE       =   ----    ----
   BIT SIZE         =   ----    ----
END OF MODULE INFORMATION.


C51 COMPILATION COMPLETE.  0 WARNING(S),  0 ERROR(S)
