C51 COMPILER V9.59.0.0   MATRIXKEY                                                         06/14/2022 20:15:20 PAGE 1   


C51 COMPILER V9.59.0.0, COMPILATION OF MODULE MATRIXKEY
OBJECT MODULE PLACED IN .\Objects\MatrixKey.obj
COMPILER INVOKED BY: D:\Keil\C51\BIN\C51.EXE MatrixKey.c LARGE OPTIMIZE(8,SPEED) BROWSE DEBUG OBJECTEXTEND PRINT(.\Listi
                    -ngs\MatrixKey.lst) TABS(2) OBJECT(.\Objects\MatrixKey.obj)

line level    source

   1          #include <REGX52.H>
   2          #include "Delay.h"
   3          #include "MatrixKey.h"
   4          
   5          u8 matrixkey_return=0;
   6          
   7          unsigned char MatrixKey()
   8          {
   9   1        unsigned char KeyNumber=0;
  10   1        
  11   1        MKEY_ALL=0xFF;
  12   1        L1=0;
  13   1        if(H1==0){Delay(20);while(H1==0);Delay(20);KeyNumber=1;}
  14   1        if(H2==0){Delay(20);while(H2==0);Delay(20);KeyNumber=5;}
  15   1        if(H3==0){Delay(20);while(H3==0);Delay(20);KeyNumber=9;}
  16   1        if(H4==0){Delay(20);while(H4==0);Delay(20);KeyNumber=13;}
  17   1        
  18   1        MKEY_ALL=0xFF;
  19   1        L2=0;
  20   1        if(H1==0){Delay(20);while(H1==0);Delay(20);KeyNumber=2;}
  21   1        if(H2==0){Delay(20);while(H2==0);Delay(20);KeyNumber=6;}
  22   1        if(H3==0){Delay(20);while(H3==0);Delay(20);KeyNumber=10;}
  23   1        if(H4==0){Delay(20);while(H4==0);Delay(20);KeyNumber=14;}
  24   1        
  25   1        MKEY_ALL=0xFF;
  26   1        L3=0;
  27   1        if(H1==0){Delay(20);while(H1==0);Delay(20);KeyNumber=3;}
  28   1        if(H2==0){Delay(20);while(H2==0);Delay(20);KeyNumber=7;}
  29   1        if(H3==0){Delay(20);while(H3==0);Delay(20);KeyNumber=11;}
  30   1        if(H4==0){Delay(20);while(H4==0);Delay(20);KeyNumber=15;}
  31   1        
  32   1        MKEY_ALL=0xFF;
  33   1        L4=0;
  34   1        if(H1==0){Delay(20);while(H1==0);Delay(20);KeyNumber=4;}
  35   1        if(H2==0){Delay(20);while(H2==0);Delay(20);KeyNumber=8;}
  36   1        if(H3==0){Delay(20);while(H3==0);Delay(20);KeyNumber=12;}
  37   1        if(H4==0){Delay(20);while(H4==0);Delay(20);KeyNumber=16;}
  38   1        
  39   1        return KeyNumber;
  40   1      }
  41          


MODULE INFORMATION:   STATIC OVERLAYABLE
   CODE SIZE        =    446    ----
   CONSTANT SIZE    =   ----    ----
   XDATA SIZE       =      1       1
   PDATA SIZE       =   ----    ----
   DATA SIZE        =   ----    ----
   IDATA SIZE       =   ----    ----
   BIT SIZE         =   ----    ----
END OF MODULE INFORMATION.


C51 COMPILATION COMPLETE.  0 WARNING(S),  0 ERROR(S)
