C51 COMPILER V9.54   TIMER                                                                 01/30/2024 00:01:09 PAGE 1   


C51 COMPILER V9.54, COMPILATION OF MODULE TIMER
OBJECT MODULE PLACED IN .\Objects\Timer.obj
COMPILER INVOKED BY: C:\Keil_v5\k_5\C51\BIN\C51.EXE systeam\Timer\Timer.c LARGE OPTIMIZE(8,SPEED) BROWSE INCDIR(.\systea
                    -m\delay;.\systeam\DS1302;.\systeam\DS18B20;.\systeam\int;.\systeam\LCD1602;.\systeam\MatrixKey;.\systeam\OneWire;.\syste
                    -am\Timer;.\systeam\UART) DEBUG OBJECTEXTEND PRINT(.\Listings\Timer.lst) OBJECT(.\Objects\Timer.obj)

line level    source

   1          #include "Timer.h"
   2          #include <REGX52.H>
   3          #include "DS1302.h"
   4          #include "DS18B20.h"
   5          #include "UART.h"
   6          unsigned int  Count_i1=0;//计时计数器变量
   7          unsigned char Count_k1=0;//数组赋值计数器变量
   8          unsigned char Time_Record_Array[10][3]={{0,0,0},{0,0,0},{0,0,0},{0,0,0},{0,0,0},{0,0,0},{0,0,0},{0,0,0},{0
             -,0,0},{0,0,0}};
   9          float Temperature_Record_Array[10]={0,0,0,0,0,0,0,0,0,0};
  10          void Timer0Init(void)           //50毫秒@12.000MHz
  11          {
  12   1              TMOD &= 0xF0;           //设置定时器模式
  13   1              TMOD |= 0x01;           //设置定时器模式
  14   1              TL0 = 0xB0;               //设置定时初值
  15   1              TH0 = 0x3C;               //设置定时初值
  16   1              ET0=1;          //打开定时器 0 中断允许 
  17   1        EA=1;           //打开总中断  
  18   1              TF0 = 0;                    //清除TF0标志
  19   1              TR0 = 1;                                //定时器0开始计时
  20   1      }
  21          
  22          void Timer0() interrupt 1
  23          {
  24   1              TL0 = 0xB0;             //设置定时初值
  25   1              TH0 = 0x3C;             //设置定时初值
  26   1        Count_i1++;   
  27   1        if(Count_i1%200==0)   
  28   1        {     
  29   2                      DS1302_ReadTime();               //读取时间
  30   2                      DS18B20_ReadT();                       //读取温度
  31   2                      DS18B20_ConvertT();                  //转换温度
  32   2          printf("温度：%2.4f^C  ",T);
  33   2                      printf("时间：%2.0f:%2.0f:%2.0f\n",(float)DS1302_Time[3],(float)DS1302_Time[4],(float)DS1302_Time[5]);
  34   2        }
  35   1              if(Count_i1%400==0)
  36   1              {
  37   2                      Count_i1=0;
  38   2                      Time_Record_Array[Count_k1][0]=DS1302_Time[3];
  39   2                      Time_Record_Array[Count_k1][1]=DS1302_Time[4];
  40   2                      Time_Record_Array[Count_k1][2]=DS1302_Time[5];
  41   2                      Temperature_Record_Array[Count_k1]=T;
  42   2                      Count_k1++;
  43   2                      if(Count_k1==10)
  44   2                      {
  45   3                              Count_k1=0;
  46   3                      }
  47   2              }
  48   1      }
  49          
  50          
  51          

C51 COMPILER V9.54   TIMER                                                                 01/30/2024 00:01:09 PAGE 2   


MODULE INFORMATION:   STATIC OVERLAYABLE
   CODE SIZE        =    346    ----
   CONSTANT SIZE    =     41    ----
   XDATA SIZE       =     73    ----
   PDATA SIZE       =   ----    ----
   DATA SIZE        =   ----    ----
   IDATA SIZE       =   ----    ----
   BIT SIZE         =   ----    ----
END OF MODULE INFORMATION.


C51 COMPILATION COMPLETE.  0 WARNING(S),  0 ERROR(S)
