C51 COMPILER V9.59.0.0   UART                                                              06/14/2022 20:15:21 PAGE 1   


C51 COMPILER V9.59.0.0, COMPILATION OF MODULE UART
OBJECT MODULE PLACED IN .\Objects\UART.obj
COMPILER INVOKED BY: D:\Keil\C51\BIN\C51.EXE UART.c LARGE OPTIMIZE(8,SPEED) BROWSE DEBUG OBJECTEXTEND PRINT(.\Listings\U
                    -ART.lst) TABS(2) OBJECT(.\Objects\UART.obj)

line level    source

   1          #include "UART.h"
   2          #include "REGX52.h"
   3          #include "stdio.h"
   4          
   5          /**
   6            * @brief  串口初始化，9600bps@11.0592MHz
   7            * @param  无
   8            * @retval 无
   9            */
  10          void UartInit(void)   
  11          {
  12   1        //串口配置：
  13   1        PCON &= 0x7F;   //波特率不倍速
  14   1        SCON = 0x50;    //串口工作模式1：8位数据,可变波特率，使能接收
  15   1        
  16   1        //定时器1配置：(发生波特率)
  17   1        TMOD &= 0x0F;   //清除定时器1模式位
  18   1        TMOD |= 0x20;   //设定定时器1为8位自动重装载模式
  19   1        TL1 = 0xFD;   //设定定时器初值
  20   1        TH1 = 0xFD;   //设定定时器重装值
  21   1        ET1 = 0;    //禁止定时器1中断
  22   1        TR1 = 1;    //启动定时器1
  23   1        TI=1;    //串口中断标志位置位  
  24   1      }
  25          
  26          /**
  27            * @brief  串口中断服务函数
  28            * @param  无
  29            * @retval 无
  30            */
  31          void Uart_Routine() interrupt 4 
  32          {
  33   1             if(RI)
  34   1      
  35   1          {
  36   2              RI= 0;   //接收器中断标志位只能由软件复位
  37   2      
  38   2          }
  39   1      
  40   1             if(TI)
  41   1      
  42   1          {
  43   2              TI = 0;  //发送器中断标志位只能由软件复位
  44   2      
  45   2          }
  46   1      
  47   1      }


MODULE INFORMATION:   STATIC OVERLAYABLE
   CODE SIZE        =     36    ----
   CONSTANT SIZE    =   ----    ----
   XDATA SIZE       =   ----    ----
   PDATA SIZE       =   ----    ----
C51 COMPILER V9.59.0.0   UART                                                              06/14/2022 20:15:21 PAGE 2   

   DATA SIZE        =   ----    ----
   IDATA SIZE       =   ----    ----
   BIT SIZE         =   ----    ----
END OF MODULE INFORMATION.


C51 COMPILATION COMPLETE.  0 WARNING(S),  0 ERROR(S)
